<?xml version="1.0" encoding="UTF-8"?>
<coverage generated="1703093174326" clover="3.2.0">
  <project timestamp="1703093174326" name="All files">
    <metrics statements="6" coveredstatements="2" conditionals="0" coveredconditionals="0" methods="5" coveredmethods="1" elements="11" coveredelements="3" complexity="0" loc="6" ncloc="6" packages="1" files="1" classes="1"/>
    <file name="calculadora.js" path="C:\Users\thiag\Documents\MeusProjetos\node\1\calculadora.js">
      <metrics statements="6" coveredstatements="2" conditionals="0" coveredconditionals="0" methods="5" coveredmethods="1"/>
      <line num="2" count="1" type="stmt"/>
      <line num="5" count="0" type="stmt"/>
      <line num="8" count="0" type="stmt"/>
      <line num="11" count="0" type="stmt"/>
      <line num="14" count="0" type="stmt"/>
      <line num="17" count="1" type="stmt"/>
    </file>
  </project>
</coverage>
