{"C:\\Users\\thiag\\Documents\\MeusProjetos\\node\\1\\calculadora.js": {"path":"C:\\Users\\thiag\\Documents\\MeusProjetos\\node\\1\\calculadora.js","statementMap":{"0":{"start":{"line":2,"column":4},"end":{"line":2,"column":26}},"1":{"start":{"line":5,"column":4},"end":{"line":5,"column":26}},"2":{"start":{"line":8,"column":4},"end":{"line":8,"column":26}},"3":{"start":{"line":11,"column":4},"end":{"line":11,"column":26}},"4":{"start":{"line":14,"column":4},"end":{"line":14,"column":27}},"5":{"start":{"line":17,"column":0},"end":{"line":17,"column":69}}},"fnMap":{"0":{"name":"somar","decl":{"start":{"line":1,"column":9},"end":{"line":1,"column":14}},"loc":{"start":{"line":1,"column":31},"end":{"line":3,"column":1}},"line":1},"1":{"name":"subtrair","decl":{"start":{"line":4,"column":9},"end":{"line":4,"column":17}},"loc":{"start":{"line":4,"column":34},"end":{"line":6,"column":1}},"line":4},"2":{"name":"multiplicar","decl":{"start":{"line":7,"column":9},"end":{"line":7,"column":20}},"loc":{"start":{"line":7,"column":37},"end":{"line":9,"column":1}},"line":7},"3":{"name":"dividir","decl":{"start":{"line":10,"column":9},"end":{"line":10,"column":16}},"loc":{"start":{"line":10,"column":33},"end":{"line":12,"column":1}},"line":10},"4":{"name":"exponenciar","decl":{"start":{"line":13,"column":9},"end":{"line":13,"column":20}},"loc":{"start":{"line":13,"column":37},"end":{"line":15,"column":1}},"line":13}},"branchMap":{},"s":{"0":1,"1":0,"2":0,"3":0,"4":0,"5":1},"f":{"0":1,"1":0,"2":0,"3":0,"4":0},"b":{},"_coverageSchema":"1a1c01bbd47fc00a2c39e90264f33305004495a9","hash":"127603ec8aaa3551cbe3472a093eceaef5cbe9fb"}
}
